INFO: [HLS 200-10] Running '/opt/Xilinx/SDx/2017.2/Vivado_HLS/bin/unwrapped/lnx64.o/vivado_hls'
INFO: [HLS 200-10] For user 'cypox' on host 'c' (Linux_x86_64 version 4.4.0-97-generic) on Tue Oct 17 17:35:26 CEST 2017
INFO: [HLS 200-10] On os Ubuntu 16.04.3 LTS
INFO: [HLS 200-10] In directory '/home/cypox/phd/hls_vivado/maccell'
INFO: [HLS 200-10] Opening project '/home/cypox/phd/hls_vivado/maccell/maccell'.
INFO: [HLS 200-10] Opening solution '/home/cypox/phd/hls_vivado/maccell/maccell/solution1'.
INFO: [SYN 201-201] Setting up clock 'default' with a period of 10ns.
INFO: [LIC 200-101] Checked out feature [xczu9eg-es1]
INFO: [HLS 200-10] Setting target device to 'xczu9eg-ffvb1156-1-i-es1'
INFO: [SIM 211-2] *************** CSIM start ***************
INFO: [SIM 211-4] CSIM will launch GCC as the compiler.
   Compiling ../../../src/macc_4d.cpp in debug mode
   Generating csim.exe
███╗   ███╗ █████╗  ██████╗ ██████╗███████╗██╗     
████╗ ████║██╔══██╗██╔════╝██╔════╝██╔════╝██║     
██╔████╔██║███████║██║     ██║     █████╗  ██║     
██║╚██╔╝██║██╔══██║██║     ██║     ██╔══╝  ██║     
██║ ╚═╝ ██║██║  ██║╚██████╗╚██████╗███████╗███████╗
╚═╝     ╚═╝╚═╝  ╚═╝ ╚═════╝ ╚═════╝╚══════╝╚══════╝
                                                   
Outputs does not match!
@E Simulation failed: Function 'main' returns nonzero value '255'.
ERROR: [SIM 211-100] 'csim_design' failed: nonzero return value.
INFO: [SIM 211-3] *************** CSIM finish ***************
4
    while executing
"source /home/cypox/phd/hls_vivado/maccell/maccell/solution1/csim.tcl"
    invoked from within
"hls::main /home/cypox/phd/hls_vivado/maccell/maccell/solution1/csim.tcl"
    ("uplevel" body line 1)
    invoked from within
"uplevel 1 hls::main {*}$args"
    (procedure "hls_proc" line 5)
    invoked from within
"hls_proc $argv"
INFO: [LIC 200-101] Checked in feature [xczu9eg-es1]
